proguard/seeds.txt
android.support.v7.internal.widget.ActionBarContainer
android.support.v7.internal.widget.ActionBarContainer: ActionBarContainer(android.content.Context)
android.support.v7.internal.widget.ActionBarContainer: ActionBarContainer(android.content.Context,android.util.AttributeSet)
android.support.v7.internal.widget.ActionBarContextView
android.support.v7.internal.widget.ActionBarContextView: ActionBarContextView(android.content.Context)
android.support.v7.internal.widget.ActionBarContextView: ActionBarContextView(android.content.Context,android.util.AttributeSet)
android.support.v7.internal.widget.ActionBarContextView: ActionBarContextView(android.content.Context,android.util.AttributeSet,int)
android.support.v7.internal.widget.ActionBarOverlayLayout
android.support.v7.internal.widget.ActionBarOverlayLayout: ActionBarOverlayLayout(android.content.Context)
android.support.v7.internal.widget.ActionBarOverlayLayout: ActionBarOverlayLayout(android.content.Context,android.util.AttributeSet)
android.support.v7.internal.widget.ActionBarView
android.support.v7.internal.widget.ActionBarView: ActionBarView(android.content.Context,android.util.AttributeSet)
android.support.v7.internal.widget.ActionBarView$HomeView
android.support.v7.internal.widget.ActionBarView$HomeView: ActionBarView$HomeView(android.content.Context)
android.support.v7.internal.widget.ActionBarView$HomeView: ActionBarView$HomeView(android.content.Context,android.util.AttributeSet)
android.support.v7.internal.widget.ActionBarView$SavedState
android.support.v7.internal.widget.ActionBarView$SavedState: android.os.Parcelable$Creator CREATOR
android.support.v7.internal.widget.ActivityChooserView
android.support.v7.internal.widget.ActivityChooserView: ActivityChooserView(android.content.Context,android.util.AttributeSet)
android.support.v7.internal.widget.ActivityChooserView: ActivityChooserView(android.content.Context,android.util.AttributeSet,int)
android.support.v7.internal.widget.CompatTextView
android.support.v7.internal.widget.CompatTextView: CompatTextView(android.content.Context)
android.support.v7.internal.widget.CompatTextView: CompatTextView(android.content.Context,android.util.AttributeSet)
android.support.v7.internal.widget.CompatTextView: CompatTextView(android.content.Context,android.util.AttributeSet,int)
android.support.v7.internal.widget.LinearLayoutICS
android.support.v7.internal.widget.LinearLayoutICS: LinearLayoutICS(android.content.Context,android.util.AttributeSet)
android.support.v7.internal.widget.ListPopupWindow
android.support.v7.internal.widget.ListPopupWindow: ListPopupWindow(android.content.Context,android.util.AttributeSet)
android.support.v7.internal.widget.ListPopupWindow: ListPopupWindow(android.content.Context,android.util.AttributeSet,int)
android.support.v7.internal.widget.NativeActionModeAwareLayout
android.support.v7.internal.widget.NativeActionModeAwareLayout: NativeActionModeAwareLayout(android.content.Context,android.util.AttributeSet)
android.support.v7.internal.widget.ProgressBarICS$SavedState
android.support.v7.internal.widget.ProgressBarICS$SavedState: android.os.Parcelable$Creator CREATOR
android.support.v7.internal.widget.ScrollingTabContainerView$TabView
android.support.v7.internal.widget.ScrollingTabContainerView$TabView: ScrollingTabContainerView$TabView(android.content.Context,android.util.AttributeSet)
android.support.v7.widget.SearchView
android.support.v7.widget.SearchView: SearchView(android.content.Context,android.util.AttributeSet)
android.support.v7.widget.SearchView$SearchAutoComplete
android.support.v7.widget.SearchView$SearchAutoComplete: SearchView$SearchAutoComplete(android.content.Context)
android.support.v7.widget.SearchView$SearchAutoComplete: SearchView$SearchAutoComplete(android.content.Context,android.util.AttributeSet)
android.support.v7.widget.SearchView$SearchAutoComplete: SearchView$SearchAutoComplete(android.content.Context,android.util.AttributeSet,int)