proguard/mapping.txt
com.capitalcode.assetsystemmobile.check.CheckMenuActivity$1 -> com.capitalcode.assetsystemmobile.check.ax:
    com.capitalcode.assetsystemmobile.check.CheckMenuActivity this$0 -> a
    void onCallEarliest() -> a
com.capitalcode.assetsystemmobile.check.CheckMenuActivity$2 -> com.capitalcode.assetsystemmobile.check.ay:
    com.capitalcode.assetsystemmobile.check.CheckMenuActivity this$0 -> a
    java.lang.Object call() -> a
com.capitalcode.assetsystemmobile.check.CheckMenuActivity$3 -> com.capitalcode.assetsystemmobile.check.az:
    com.capitalcode.assetsystemmobile.check.CheckMenuActivity this$0 -> a
    void onCallback(java.lang.Object) -> a
com.capitalcode.assetsystemmobile.check.CheckMenuActivity$3$1 -> com.capitalcode.assetsystemmobile.check.ba:
    com.capitalcode.assetsystemmobile.check.CheckMenuActivity$3 this$1 -> a
com.capitalcode.assetsystemmobile.check.CheckMenuActivity$ItemClickListener -> com.capitalcode.assetsystemmobile.check.bb:
    com.capitalcode.assetsystemmobile.check.CheckMenuActivity this$0 -> a
    void onItemClick(android.widget.AdapterView,android.view.View,int,long) -> onItemClick
com.capitalcode.assetsystemmobile.check.CheckMenuActivity$ItemClickListener$1 -> com.capitalcode.assetsystemmobile.check.bc:
    com.capitalcode.assetsystemmobile.check.CheckMenuActivity$ItemClickListener this$1 -> a
com.capitalcode.assetsystemmobile.model.AssetHistoryModel -> com.capitalcode.assetsystemmobile.c.a:
    java.lang.String OperatorType -> a
    java.lang.String OperatorTime -> b
    java.lang.String BeforDept -> c
    java.lang.String BeforUser -> d
    java.lang.String AfterDept -> e
    java.lang.String AfterUser -> f
com.capitalcode.assetsystemmobile.model.AssetInfoModel -> com.capitalcode.assetsystemmobile.c.b:
    java.lang.String AssetId -> a
    java.lang.String AssetCode -> b
    java.lang.String AssetName -> c
    java.lang.String Standard -> d
    java.lang.String SerialNumber -> e
com.capitalcode.assetsystemmobile.model.AssetListInfoModel -> com.capitalcode.assetsystemmobile.c.c:
    java.lang.String PageCount -> a
    java.util.List MsAsset -> b
com.capitalcode.assetsystemmobile.model.AssetModel -> com.capitalcode.assetsystemmobile.c.d:
    java.util.List MsAsset -> a
com.capitalcode.assetsystemmobile.model.AssetSaveRetModel -> com.capitalcode.assetsystemmobile.c.e:
    java.lang.String OrderId -> a
com.capitalcode.assetsystemmobile.model.BaseDataModel -> com.capitalcode.assetsystemmobile.c.f:
    java.util.Map PageLabel -> a
    java.lang.String AssetName -> b
    java.lang.String Standard -> c
    java.util.List Category -> d
    java.util.Map mapType -> e
    java.util.Map mapList -> f
    java.util.Map StockLabel -> g
    java.util.Map AssetStockState -> h
    java.util.Map StockState -> i
    java.util.Map TimeType -> j
com.capitalcode.assetsystemmobile.model.CategoryModel -> com.capitalcode.assetsystemmobile.c.g:
    java.lang.String TypeId -> a
    java.lang.String TypeName -> b
    java.util.List SubCategory -> c
com.capitalcode.assetsystemmobile.model.CheckModel -> com.capitalcode.assetsystemmobile.c.h:
    com.capitalcode.assetsystemmobile.model.MsAssetModel MsAsset -> a
    com.capitalcode.assetsystemmobile.model.CheckMsStockModel MsStock -> b
com.capitalcode.assetsystemmobile.model.CheckMsStockModel -> com.capitalcode.assetsystemmobile.c.i:
    java.lang.String HaveStock -> a
    java.lang.String NoStock -> b
    java.lang.String OverStock -> c
com.capitalcode.assetsystemmobile.model.DeptModel -> com.capitalcode.assetsystemmobile.c.j:
    java.lang.String DeptId -> a
    java.lang.String DeptName -> b
    java.util.List SubDept -> c
    java.util.List UserInfo -> d
com.capitalcode.assetsystemmobile.model.DetailCheckModel -> com.capitalcode.assetsystemmobile.c.k:
    java.util.List MsAsset -> a
    java.lang.String PageCount -> b