proguard/usage.txt
org.apache.commons.lang3.builder.IDKey
org.apache.commons.lang3.builder.ReflectionToStringBuilder
org.apache.commons.lang3.builder.StandardToStringStyle
org.apache.commons.lang3.builder.ToStringBuilder
org.apache.commons.lang3.builder.ToStringStyle
org.apache.commons.lang3.builder.ToStringStyle$DefaultToStringStyle
org.apache.commons.lang3.builder.ToStringStyle$MultiLineToStringStyle
org.apache.commons.lang3.builder.ToStringStyle$NoFieldNameToStringStyle
org.apache.commons.lang3.builder.ToStringStyle$ShortPrefixToStringStyle
org.apache.commons.lang3.builder.ToStringStyle$SimpleToStringStyle
org.apache.commons.lang3.concurrent.AtomicInitializer
org.apache.commons.lang3.concurrent.AtomicSafeInitializer
org.apache.commons.lang3.concurrent.BackgroundInitializer
org.apache.commons.lang3.concurrent.BackgroundInitializer$InitializationTask
org.apache.commons.lang3.concurrent.BasicThreadFactory
org.apache.commons.lang3.concurrent.BasicThreadFactory$1
org.apache.commons.lang3.concurrent.BasicThreadFactory$Builder
org.apache.commons.lang3.concurrent.CallableBackgroundInitializer
org.apache.commons.lang3.concurrent.ConcurrentException
org.apache.commons.lang3.concurrent.ConcurrentInitializer
org.apache.commons.lang3.concurrent.ConcurrentRuntimeException
org.apache.commons.lang3.concurrent.ConcurrentUtils
org.apache.commons.lang3.concurrent.ConcurrentUtils$ConstantFuture
org.apache.commons.lang3.concurrent.ConstantInitializer
org.apache.commons.lang3.concurrent.LazyInitializer
org.apache.commons.lang3.concurrent.MultiBackgroundInitializer
org.apache.commons.lang3.concurrent.MultiBackgroundInitializer$1
org.apache.commons.lang3.concurrent.MultiBackgroundInitializer$MultiBackgroundInitializerResults
org.apache.commons.lang3.concurrent.TimedSemaphore
org.apache.commons.lang3.concurrent.TimedSemaphore$1
org.apache.commons.lang3.event.EventListenerSupport
org.apache.commons.lang3.event.EventListenerSupport$ProxyInvocationHandler
org.apache.commons.lang3.event.EventUtils
org.apache.commons.lang3.event.EventUtils$EventBindingInvocationHandler
org.apache.commons.lang3.exception.CloneFailedException
org.apache.commons.lang3.exception.ContextedException
org.apache.commons.lang3.exception.ContextedRuntimeException
org.apache.commons.lang3.exception.DefaultExceptionContext
org.apache.commons.lang3.exception.ExceptionContext
org.apache.commons.lang3.exception.ExceptionUtils
org.apache.commons.lang3.math.Fraction
org.apache.commons.lang3.math.IEEE754rUtils
org.apache.commons.lang3.math.NumberUtils
org.apache.commons.lang3.mutable.Mutable
org.apache.commons.lang3.mutable.MutableBoolean
org.apache.commons.lang3.mutable.MutableByte
org.apache.commons.lang3.mutable.MutableDouble
org.apache.commons.lang3.mutable.MutableFloat
org.apache.commons.lang3.mutable.MutableInt
org.apache.commons.lang3.mutable.MutableLong
org.apache.commons.lang3.mutable.MutableObject
org.apache.commons.lang3.mutable.MutableShort
org.apache.commons.lang3.reflect.ConstructorUtils
org.apache.commons.lang3.reflect.FieldUtils
org.apache.commons.lang3.reflect.MemberUtils
org.apache.commons.lang3.reflect.MethodUtils
org.apache.commons.lang3.reflect.TypeUtils
org.apache.commons.lang3.text.CompositeFormat
org.apache.commons.lang3.text.ExtendedMessageFormat
org.apache.commons.lang3.text.FormatFactory
org.apache.commons.lang3.text.FormattableUtils
org.apache.commons.lang3.text.StrBuilder
org.apache.commons.lang3.text.StrBuilder$StrBuilderReader
org.apache.commons.lang3.text.StrBuilder$StrBuilderTokenizer
org.apache.commons.lang3.text.StrBuilder$StrBuilderWriter
org.apache.commons.lang3.text.StrLookup
org.apache.commons.lang3.text.StrLookup$MapStrLookup
org.apache.commons.lang3.text.StrMatcher
org.apache.commons.lang3.text.StrMatcher$CharMatcher
org.apache.commons.lang3.text.StrMatcher$CharSetMatcher
org.apache.commons.lang3.text.StrMatcher$NoMatcher
org.apache.commons.lang3.text.StrMatcher$StringMatcher